<?xml version="1.0" encoding="UTF-8"?>
<!-- Generated by org.testng.reporters.JUnitXMLReporter -->
<testsuite ignored="0" hostname="DESKTOP-UG71NEM" failures="0" tests="4" name="Default test" time="18.986" errors="0" timestamp="2023-10-01T08:19:55 IST">
  <testcase classname="api.testCases.userTest2" name="testCreateUser" time="7.584"/>
  <testcase classname="api.testCases.userTest2" name="testGetUserData" time="2.281"/>
  <testcase classname="api.testCases.userTest2" name="testUpdateUserData" time="5.057"/>
  <testcase classname="api.testCases.userTest2" name="testDeleteUserData" time="2.876"/>
</testsuite> <!-- Default test -->
