<?xml version="1.0" encoding="UTF-8"?>
<!-- Generated by org.testng.reporters.JUnitXMLReporter -->
<testsuite ignored="0" hostname="DESKTOP-UG71NEM" failures="0" tests="4" name="Test" time="23.839" errors="0" timestamp="2023-10-01T07:55:13 IST">
  <testcase classname="api.testCases.userTest" name="testCreateUser" time="10.989"/>
  <testcase classname="api.testCases.userTest" name="testGetUserData" time="2.672"/>
  <testcase classname="api.testCases.userTest" name="testUpdateUserData" time="5.946"/>
  <testcase classname="api.testCases.userTest" name="testDeleteUserData" time="2.188"/>
</testsuite> <!-- Test -->
