<?xml version="1.0" encoding="UTF-8"?>
<!-- Generated by org.testng.reporters.JUnitXMLReporter -->
<testsuite ignored="0" hostname="DESKTOP-UG71NEM" failures="0" tests="4" name="Test" time="17.899" errors="0" timestamp="2023-10-01T08:34:20 IST">
  <testcase classname="api.testCases.userTest" name="testCreateUser" time="7.985"/>
  <testcase classname="api.testCases.userTest" name="testGetUserData" time="2.328"/>
  <testcase classname="api.testCases.userTest" name="testUpdateUserData" time="4.016"/>
  <testcase classname="api.testCases.userTest" name="testDeleteUserData" time="2.101"/>
</testsuite> <!-- Test -->
