<?xml version="1.0" encoding="UTF-8"?>
<testsuite xmlns:xsi="http://www.w3.org/2001/XMLSchema-instance" xsi:noNamespaceSchemaLocation="https://maven.apache.org/surefire/maven-surefire-plugin/xsd/surefire-test-report-3.0.xsd" version="3.0" name="TestSuite" time="21.112" tests="4" errors="0" skipped="0" failures="0">
  <properties>
[...]
</properties>
  <testcase name="testCreateUser" classname="api.testCases.userTest" time="8.032">
    <system-out><![CDATA[10-01-2023 08:34:03 - ************Creating User***********
{
    "code": 200,
    "type": "unknown",
    "message": "1259639178"
}
]]></system-out>
    <system-err><![CDATA[SLF4J: Failed to load class "org.slf4j.impl.StaticLoggerBinder".
SLF4J: Defaulting to no-operation (NOP) logger implementation
SLF4J: See http://www.slf4j.org/codes.html#StaticLoggerBinder for further details.
log4j:ERROR Could not find value for key log4j.appender.CONSOLE
log4j:ERROR Could not instantiate appender named "CONSOLE".
]]></system-err>
  </testcase>
  <testcase name="testGetUserData" classname="api.testCases.userTest" time="2.391">
    <system-out><![CDATA[10-01-2023 08:34:11 - ************Getting User Details***********
{
    "id": 1259639178,
    "username": "arvilla.hauck",
    "firstName": "Suzi",
    "lastName": "Legros",
    "email": "marylin.beatty@example.com",
    "password": "9qp0nbv",
    "phone": "665.961.0815",
    "userStatus": 0
}
]]></system-out>
  </testcase>
  <testcase name="testUpdateUserData" classname="api.testCases.userTest" time="4.0">
    <system-out><![CDATA[10-01-2023 08:34:13 - ************Update User Details***********
HTTP/1.1 200 OK
Date: Sun, 01 Oct 2023 03:04:17 GMT
Content-Type: application/json
Transfer-Encoding: chunked
Connection: keep-alive
Access-Control-Allow-Origin: *
Access-Control-Allow-Methods: GET, POST, DELETE, PUT
Access-Control-Allow-Headers: Content-Type, api_key, Authorization
Server: Jetty(9.2.9.v20150224)

{
    "id": 1259639178,
    "username": "arvilla.hauck",
    "firstName": "Elmo",
    "lastName": "Legros",
    "email": "marylin.beatty@example.com",
    "password": "9qp0nbv",
    "phone": "665.961.0815",
    "userStatus": 0
}
]]></system-out>
  </testcase>
  <testcase name="testDeleteUserData" classname="api.testCases.userTest" time="2.085"/>
</testsuite>