<?xml version="1.0" encoding="UTF-8"?>
<testng-results ignored="0" total="4" passed="4" failed="0" skipped="0">
  <reporter-output>
  </reporter-output>
  <suite started-at="2023-10-01T08:34:02 IST" name="Suite" finished-at="2023-10-01T08:34:20 IST" duration-ms="17899">
    <groups>
    </groups>
    <test started-at="2023-10-01T08:34:02 IST" name="Test" finished-at="2023-10-01T08:34:20 IST" duration-ms="17899">
      <class name="api.testCases.userTest">
        <test-method is-config="true" signature="generateTestData()[pri:0, instance:api.testCases.userTest@2d901eb0]" started-at="2023-10-01T08:34:02 IST" name="generateTestData" finished-at="2023-10-01T08:34:03 IST" duration-ms="860" status="PASS">
          <reporter-output>
          </reporter-output>
        </test-method> <!-- generateTestData -->
        <test-method signature="testCreateUser()[pri:0, instance:api.testCases.userTest@2d901eb0]" started-at="2023-10-01T08:34:03 IST" name="testCreateUser" finished-at="2023-10-01T08:34:11 IST" duration-ms="7985" status="PASS">
          <reporter-output>
          </reporter-output>
        </test-method> <!-- testCreateUser -->
        <test-method signature="testGetUserData()[pri:1, instance:api.testCases.userTest@2d901eb0]" started-at="2023-10-01T08:34:11 IST" name="testGetUserData" finished-at="2023-10-01T08:34:13 IST" duration-ms="2328" status="PASS">
          <reporter-output>
          </reporter-output>
        </test-method> <!-- testGetUserData -->
        <test-method signature="testUpdateUserData()[pri:3, instance:api.testCases.userTest@2d901eb0]" started-at="2023-10-01T08:34:13 IST" name="testUpdateUserData" finished-at="2023-10-01T08:34:17 IST" duration-ms="4016" status="PASS">
          <reporter-output>
          </reporter-output>
        </test-method> <!-- testUpdateUserData -->
        <test-method signature="testDeleteUserData()[pri:4, instance:api.testCases.userTest@2d901eb0]" started-at="2023-10-01T08:34:17 IST" name="testDeleteUserData" finished-at="2023-10-01T08:34:19 IST" duration-ms="2101" status="PASS">
          <reporter-output>
          </reporter-output>
        </test-method> <!-- testDeleteUserData -->
      </class> <!-- api.testCases.userTest -->
    </test> <!-- Test -->
  </suite> <!-- Suite -->
</testng-results>
