<?xml version="1.0" encoding="UTF-8"?>
<testng-results ignored="0" total="4" passed="4" failed="0" skipped="0">
  <reporter-output>
  </reporter-output>
  <suite started-at="2023-10-01T08:19:36 IST" name="Default suite" finished-at="2023-10-01T08:19:55 IST" duration-ms="18986">
    <groups>
    </groups>
    <test started-at="2023-10-01T08:19:36 IST" name="Default test" finished-at="2023-10-01T08:19:55 IST" duration-ms="18986">
      <class name="api.testCases.userTest2">
        <test-method is-config="true" signature="generateTestData()[pri:0, instance:api.testCases.userTest2@7fd50002]" started-at="2023-10-01T08:19:36 IST" name="generateTestData" finished-at="2023-10-01T08:19:37 IST" duration-ms="986" status="PASS">
          <reporter-output>
          </reporter-output>
        </test-method> <!-- generateTestData -->
        <test-method signature="testCreateUser()[pri:0, instance:api.testCases.userTest2@7fd50002]" started-at="2023-10-01T08:19:37 IST" name="testCreateUser" finished-at="2023-10-01T08:19:44 IST" duration-ms="7584" status="PASS">
          <reporter-output>
          </reporter-output>
        </test-method> <!-- testCreateUser -->
        <test-method signature="testGetUserData()[pri:1, instance:api.testCases.userTest2@7fd50002]" started-at="2023-10-01T08:19:44 IST" name="testGetUserData" finished-at="2023-10-01T08:19:47 IST" duration-ms="2281" status="PASS">
          <reporter-output>
          </reporter-output>
        </test-method> <!-- testGetUserData -->
        <test-method signature="testUpdateUserData()[pri:3, instance:api.testCases.userTest2@7fd50002]" started-at="2023-10-01T08:19:47 IST" name="testUpdateUserData" finished-at="2023-10-01T08:19:52 IST" duration-ms="5057" status="PASS">
          <reporter-output>
          </reporter-output>
        </test-method> <!-- testUpdateUserData -->
        <test-method signature="testDeleteUserData()[pri:4, instance:api.testCases.userTest2@7fd50002]" started-at="2023-10-01T08:19:52 IST" name="testDeleteUserData" finished-at="2023-10-01T08:19:55 IST" duration-ms="2876" status="PASS">
          <reporter-output>
          </reporter-output>
        </test-method> <!-- testDeleteUserData -->
      </class> <!-- api.testCases.userTest2 -->
    </test> <!-- Default test -->
  </suite> <!-- Default suite -->
</testng-results>
